2024-01-20 11:40:22.329 | INFO     | modules.TreeMethods:regression_core:72 - -----generate at Sat Jan 20 11:40:22 2024-----
2024-01-20 11:40:22.330 | INFO     | modules.TreeMethods:regression_core:73 - {'colsample_bytree': 0.8, 'learning_rate': 0.07264295733093665, 'max_depth': 18, 'min_child_weight': 0.06110254933582169, 'min_split_gain': 0.010309192291862246, 'num_leaves': 7549, 'reg_alpha': 99.53401164199676, 'reg_lambda': 60.25947411827831, 'subsample': 0.8}
2024-01-20 11:40:22.330 | INFO     | modules.TreeMethods:regression_core:74 - ----------------------------------------------


2024-03-05 19:19:42.724 | INFO     | modules.TreeMethods:regression_core:71 - -----generate at Tue Mar  5 19:19:42 2024-----
2024-03-05 19:19:42.725 | INFO     | modules.TreeMethods:regression_core:72 - {'colsample_bytree': 0.9, 'learning_rate': 0.09614359616228663, 'max_depth': 20, 'min_child_weight': 0.0026081892606652857, 'min_split_gain': 0.09766715871965156, 'num_leaves': 9990, 'reg_alpha': 33.35852552154687, 'reg_lambda': 5.118012146892274, 'subsample': 0.8}
2024-03-05 19:19:42.725 | INFO     | modules.TreeMethods:regression_core:73 - ----------------------------------------------


2024-03-06 09:53:52.227 | INFO     | modules.TreeMethods:regression_core:71 - -----generate at Wed Mar  6 09:53:52 2024-----
2024-03-06 09:53:52.227 | INFO     | modules.TreeMethods:regression_core:72 - {'colsample_bytree': 0.85, 'learning_rate': 0.04013436481943372, 'max_depth': 22, 'min_child_weight': 0.03786376571911566, 'min_split_gain': 0.003996892119654006, 'num_leaves': 9113, 'reg_alpha': 24.73944163491958, 'reg_lambda': 97.51189443791364, 'subsample': 0.8}
2024-03-06 09:53:52.227 | INFO     | modules.TreeMethods:regression_core:73 - ----------------------------------------------


2024-03-06 10:00:10.351 | INFO     | modules.TreeMethods:regression_core:71 - -----generate at Wed Mar  6 10:00:10 2024-----
2024-03-06 10:00:10.351 | INFO     | modules.TreeMethods:regression_core:72 - {'colsample_bytree': 0.85, 'learning_rate': 0.054441658022779296, 'max_depth': 10, 'min_child_weight': 0.03927456282446387, 'min_split_gain': 0.028702882325687087, 'num_leaves': 1129, 'reg_alpha': 32.99975371992802, 'reg_lambda': 78.51265873260836, 'subsample': 0.9}
2024-03-06 10:00:10.352 | INFO     | modules.TreeMethods:regression_core:73 - ----------------------------------------------


2024-03-06 10:17:03.898 | INFO     | modules.TreeMethods:regression_core:71 - -----generate at Wed Mar  6 10:17:03 2024-----
2024-03-06 10:17:03.899 | INFO     | modules.TreeMethods:regression_core:72 - {'colsample_bytree': 1, 'learning_rate': 0.07324631020741765, 'max_depth': 13, 'min_child_weight': 0.04833616671161222, 'min_split_gain': 0.019675408898455527, 'num_leaves': 2137, 'reg_alpha': 11.191239581394152, 'reg_lambda': 91.94078736488544, 'subsample': 0.95}
2024-03-06 10:17:03.899 | INFO     | modules.TreeMethods:regression_core:73 - ----------------------------------------------


2024-03-06 10:25:14.865 | INFO     | modules.TreeMethods:regression_core:72 - -----generate at Wed Mar  6 10:25:14 2024-----
2024-03-06 10:25:14.866 | INFO     | modules.TreeMethods:regression_core:73 - {'colsample_bytree': 1, 'learning_rate': 0.04735419009172653, 'max_depth': 13, 'min_child_weight': 0.02790606079272905, 'min_split_gain': 0.04636214345620392, 'num_leaves': 4628, 'reg_alpha': 70.2085323159736, 'reg_lambda': 45.73720063110633, 'subsample': 0.85}
2024-03-06 10:25:14.866 | INFO     | modules.TreeMethods:regression_core:74 - ----------------------------------------------


2024-03-06 10:38:26.511 | INFO     | modules.TreeMethods:regression_core:73 - -----generate at Wed Mar  6 10:38:26 2024-----
2024-03-06 10:38:26.513 | INFO     | modules.TreeMethods:regression_core:74 - {'colsample_bytree': 0.8, 'learning_rate': 0.028534693605764685, 'max_depth': 29, 'min_child_weight': 0.03396080517981074, 'min_split_gain': 0.048642212905647124, 'num_leaves': 3658, 'reg_alpha': 48.982433142468274, 'reg_lambda': 28.611416680555944, 'subsample': 0.7}
2024-03-06 10:38:26.513 | INFO     | modules.TreeMethods:regression_core:75 - ----------------------------------------------


2024-03-06 10:39:20.892 | INFO     | modules.TreeMethods:regression_core:73 - -----generate at Wed Mar  6 10:39:20 2024-----
2024-03-06 10:39:20.893 | INFO     | modules.TreeMethods:regression_core:74 - {'colsample_bytree': 0.8, 'learning_rate': 0.028534693605764685, 'max_depth': 29, 'min_child_weight': 0.03396080517981074, 'min_split_gain': 0.048642212905647124, 'num_leaves': 3658, 'reg_alpha': 48.982433142468274, 'reg_lambda': 28.611416680555944, 'subsample': 0.7}
2024-03-06 10:39:20.893 | INFO     | modules.TreeMethods:regression_core:75 - ----------------------------------------------


2024-03-06 10:40:19.719 | INFO     | modules.TreeMethods:regression_core:73 - -----generate at Wed Mar  6 10:40:19 2024-----
2024-03-06 10:40:19.719 | INFO     | modules.TreeMethods:regression_core:74 - {'colsample_bytree': 0.8, 'learning_rate': 0.028534693605764685, 'max_depth': 29, 'min_child_weight': 0.03396080517981074, 'min_split_gain': 0.048642212905647124, 'num_leaves': 3658, 'reg_alpha': 48.982433142468274, 'reg_lambda': 28.611416680555944, 'subsample': 0.7}
2024-03-06 10:40:19.719 | INFO     | modules.TreeMethods:regression_core:75 - ----------------------------------------------


2024-03-06 10:45:46.549 | INFO     | modules.TreeMethods:regression_core:72 - -----generate at Wed Mar  6 10:45:46 2024-----
2024-03-06 10:45:46.549 | INFO     | modules.TreeMethods:regression_core:73 - {'colsample_bytree': 0.8, 'learning_rate': 0.028534693605764685, 'max_depth': 29, 'min_child_weight': 0.03396080517981074, 'min_split_gain': 0.048642212905647124, 'num_leaves': 3658, 'reg_alpha': 48.982433142468274, 'reg_lambda': 28.611416680555944, 'subsample': 0.7}
2024-03-06 10:45:46.549 | INFO     | modules.TreeMethods:regression_core:74 - ----------------------------------------------


2024-03-06 10:50:09.428 | INFO     | modules.TreeMethods:regression_core:72 - -----generate at Wed Mar  6 10:50:09 2024-----
2024-03-06 10:50:09.428 | INFO     | modules.TreeMethods:regression_core:73 - {'colsample_bytree': 0.9, 'learning_rate': 0.09146711129052633, 'max_depth': 13, 'min_child_weight': 0.06411167573568902, 'min_split_gain': 0.006686845950559572, 'num_leaves': 87, 'reg_alpha': 18.84110238005419, 'reg_lambda': 7.461187518683509, 'subsample': 1}
2024-03-06 10:50:09.429 | INFO     | modules.TreeMethods:regression_core:74 - ----------------------------------------------


2024-03-06 10:52:08.852 | INFO     | modules.TreeMethods:regression_core:72 - -----generate at Wed Mar  6 10:52:08 2024-----
2024-03-06 10:52:08.852 | INFO     | modules.TreeMethods:regression_core:73 - {'colsample_bytree': 0.9, 'learning_rate': 0.09146711129052633, 'max_depth': 13, 'min_child_weight': 0.06411167573568902, 'min_split_gain': 0.006686845950559572, 'num_leaves': 87, 'reg_alpha': 18.84110238005419, 'reg_lambda': 7.461187518683509, 'subsample': 1}
2024-03-06 10:52:08.852 | INFO     | modules.TreeMethods:regression_core:74 - ----------------------------------------------


2024-03-06 10:53:48.039 | INFO     | modules.TreeMethods:regression_core:72 - -----generate at Wed Mar  6 10:53:48 2024-----
2024-03-06 10:53:48.040 | INFO     | modules.TreeMethods:regression_core:73 - {'colsample_bytree': 0.9, 'learning_rate': 0.09146711129052633, 'max_depth': 13, 'min_child_weight': 0.06411167573568902, 'min_split_gain': 0.006686845950559572, 'num_leaves': 87, 'reg_alpha': 18.84110238005419, 'reg_lambda': 7.461187518683509, 'subsample': 1}
2024-03-06 10:53:48.040 | INFO     | modules.TreeMethods:regression_core:74 - ----------------------------------------------


2024-03-06 11:15:48.160 | INFO     | modules.TreeMethods:regression_core:90 - -----generate at Wed Mar  6 11:15:48 2024-----
2024-03-06 11:15:48.160 | INFO     | modules.TreeMethods:regression_core:91 - {'colsample_bytree': 0.9, 'learning_rate': 0.09146711129052633, 'max_depth': 13, 'min_child_weight': 0.06411167573568902, 'min_split_gain': 0.006686845950559572, 'num_leaves': 87, 'reg_alpha': 18.84110238005419, 'reg_lambda': 7.461187518683509, 'subsample': 1}
2024-03-06 11:15:48.160 | INFO     | modules.TreeMethods:regression_core:92 - ----------------------------------------------


2024-03-06 11:19:31.576 | INFO     | modules.TreeMethods:regression_core:90 - -----generate at Wed Mar  6 11:19:31 2024-----
2024-03-06 11:19:31.577 | INFO     | modules.TreeMethods:regression_core:91 - {'colsample_bytree': 0.9, 'learning_rate': 0.09146711129052633, 'max_depth': 13, 'min_child_weight': 0.06411167573568902, 'min_split_gain': 0.006686845950559572, 'num_leaves': 87, 'reg_alpha': 18.84110238005419, 'reg_lambda': 7.461187518683509, 'subsample': 1}
2024-03-06 11:19:31.578 | INFO     | modules.TreeMethods:regression_core:92 - ----------------------------------------------


2024-03-06 11:56:05.544 | INFO     | modules.TreeMethods:regression_core:90 - -----generate at Wed Mar  6 11:56:05 2024-----
2024-03-06 11:56:05.544 | INFO     | modules.TreeMethods:regression_core:91 - {'colsample_bytree': 0.75, 'learning_rate': 0.08050694989278534, 'max_depth': 22, 'min_child_weight': 0.05149062466548035, 'min_split_gain': 0.02866345372537835, 'num_leaves': 9988, 'reg_alpha': 11.304847594476978, 'reg_lambda': 10.167300744205264, 'subsample': 0.85}
2024-03-06 11:56:05.544 | INFO     | modules.TreeMethods:regression_core:92 - ----------------------------------------------


2024-07-03 19:20:13.428 | INFO     | modules.Methods:hyper_opt:138 - -----generate at Wed Jul  3 19:20:13 2024-----
2024-07-03 19:20:13.429 | INFO     | modules.Methods:hyper_opt:139 - {'colsample_bytree': 0.85, 'learning_rate': 0.08563931250809124, 'max_depth': 14, 'min_child_weight': 0.0506590840944571, 'min_split_gain': 0.08035643250898482, 'num_leaves': 3714, 'reg_alpha': 49.677106920695884, 'reg_lambda': 14.883540890314551, 'subsample': 0.95}
2024-07-03 19:20:13.430 | INFO     | modules.Methods:hyper_opt:140 - ----------------------------------------------


